<?xml version="1.0" encoding="UTF-8"?>
<!-- Generated by org.testng.reporters.JUnitReportReporter -->
<testsuite hostname="DESKTOP-VP5D76K" failures="0" tests="2" name="qaclickacademy.AppiumTest" time="0.007" errors="0" timestamp="2020-03-14T22:10:08 IST" skipped="0">
  <testcase classname="qaclickacademy.AppiumTest" name="NativeAppAndroid" time="0.000"/>
  <testcase classname="qaclickacademy.AppiumTest" name="IOSApps" time="0.007"/>
</testsuite> <!-- qaclickacademy.AppiumTest -->
