<?xml version="1.0" encoding="UTF-8"?>
<!-- Generated by org.testng.reporters.JUnitReportReporter -->
<testsuite hostname="DESKTOP-VP5D76K" failures="0" tests="1" name="qaclickacademy.SeleniumTest" time="0.000" errors="0" timestamp="2020-03-14T22:10:08 IST" skipped="0">
  <testcase classname="qaclickacademy.SeleniumTest" name="elementsUI" time="0.000"/>
</testsuite> <!-- qaclickacademy.SeleniumTest -->
