<?xml version="1.0" encoding="UTF-8"?>
<!-- Generated by org.testng.reporters.JUnitReportReporter -->
<testsuite hostname="DESKTOP-VP5D76K" failures="0" tests="2" name="qaclickacademy.RestAPITest" time="0.003" errors="0" timestamp="2020-03-16T19:47:01 IST" skipped="0">
  <testcase classname="qaclickacademy.RestAPITest" name="deleteTwitter" time="0.003"/>
  <system-out/>
  <testcase classname="qaclickacademy.RestAPITest" name="postJira" time="0.000"/>
  <system-out/>
</testsuite> <!-- qaclickacademy.RestAPITest -->
